Arguments: 
  /Users/bradgardner/.nvm/versions/node/v10.15.1/bin/node /Users/bradgardner/.nvm/versions/node/v10.15.1/bin/yarn add jgd

PATH: 
  /Users/bradgardner/.nvm/versions/node/v10.15.1/bin:/Users/bradgardner/miniconda/bin:/Users/bradgardner/miniconda/condabin:/Users/bradgardner/google-cloud-sdk/bin:/Users/bradgardner/.rbenv/shims:/Users/bradgardner/.rbenv/bin:/Users/bradgardner/.rbenv/shims:/usr/local/bin:/usr/bin:/bin:/usr/sbin:/sbin:/Applications/VMware Fusion.app/Contents/Public:/usr/local/go/bin:/usr/local/share/dotnet:~/.dotnet/tools:/Library/Apple/usr/bin:/Library/Frameworks/Mono.framework/Versions/Current/Commands:/Applications/Wireshark.app/Contents/MacOS

Yarn version: 
  1.13.0

Node version: 
  10.15.1

Platform: 
  darwin x64

Trace: 
  Error: https://registry.yarnpkg.com/jgd: Not found
      at Request.params.callback [as _callback] (/Users/bradgardner/.nvm/versions/node/v10.15.1/lib/node_modules/yarn/lib/cli.js:66255:18)
      at Request.self.callback (/Users/bradgardner/.nvm/versions/node/v10.15.1/lib/node_modules/yarn/lib/cli.js:129397:22)
      at Request.emit (events.js:189:13)
      at Request.<anonymous> (/Users/bradgardner/.nvm/versions/node/v10.15.1/lib/node_modules/yarn/lib/cli.js:130369:10)
      at Request.emit (events.js:189:13)
      at IncomingMessage.<anonymous> (/Users/bradgardner/.nvm/versions/node/v10.15.1/lib/node_modules/yarn/lib/cli.js:130291:12)
      at Object.onceWrapper (events.js:277:13)
      at IncomingMessage.emit (events.js:194:15)
      at endReadableNT (_stream_readable.js:1103:12)
      at process._tickCallback (internal/process/next_tick.js:63:19)

npm manifest: 
  {
      "name": "sevenhills-website",
      "version": "1.0.0",
      "description": "",
      "main": "index.js",
      "scripts": {
          "test": "echo \"Error: no test specified\" && exit 1",
          "dev": "bundle exec jekyll serve",
          "build": "bundle exec jekyll build",
          "deploy": "jgd -n -b master -r dev"
      },
      "author": "",
      "license": "ISC",
      "dependencies": {
          "micromodal": "^0.4.0"
      }
  }

yarn manifest: 
  No manifest

Lockfile: 
  # THIS IS AN AUTOGENERATED FILE. DO NOT EDIT THIS FILE DIRECTLY.
  # yarn lockfile v1
  
  
  micromodal@^0.4.0:
    version "0.4.0"
    resolved "https://registry.yarnpkg.com/micromodal/-/micromodal-0.4.0.tgz#924b80adff6654310070432ac51bb1d195eefb95"
    integrity sha512-YDku9Fi57S4Sm6oitSy3sr786qSp5L6NbatuH2kEeXf0jStvZgZk4bLBKaoSONBaq3BEvFz3hAaoUa7/pV1Kgg==
